<?xml version="1.0" encoding="UTF-8"?>
<coverage generated="1675444477457" clover="3.2.0">
  <project timestamp="1675444477457" name="All files">
    <metrics statements="42" coveredstatements="30" conditionals="0" coveredconditionals="0" methods="17" coveredmethods="14" elements="59" coveredelements="44" complexity="0" loc="42" ncloc="42" packages="1" files="4" classes="4"/>
    <file name="employee.js" path="C:\Users\madel\bootcamp\activity-pull\UTOR-VIRT-FSF-PT-10-2022-U-LOLC\10-OOP\02-Challenge\lib\employee.js">
      <metrics statements="9" coveredstatements="9" conditionals="0" coveredconditionals="0" methods="5" coveredmethods="5"/>
      <line num="3" count="4" type="stmt"/>
      <line num="4" count="4" type="stmt"/>
      <line num="5" count="4" type="stmt"/>
      <line num="6" count="4" type="stmt"/>
      <line num="9" count="1" type="stmt"/>
      <line num="12" count="1" type="stmt"/>
      <line num="15" count="1" type="stmt"/>
      <line num="18" count="1" type="stmt"/>
      <line num="22" count="4" type="stmt"/>
    </file>
    <file name="engineer.js" path="C:\Users\madel\bootcamp\activity-pull\UTOR-VIRT-FSF-PT-10-2022-U-LOLC\10-OOP\02-Challenge\lib\engineer.js">
      <metrics statements="11" coveredstatements="7" conditionals="0" coveredconditionals="0" methods="4" coveredmethods="3"/>
      <line num="1" count="1" type="stmt"/>
      <line num="2" count="1" type="stmt"/>
      <line num="6" count="1" type="stmt"/>
      <line num="7" count="1" type="stmt"/>
      <line num="11" count="1" type="stmt"/>
      <line num="15" count="1" type="stmt"/>
      <line num="19" count="0" type="stmt"/>
      <line num="42" count="0" type="stmt"/>
      <line num="48" count="0" type="stmt"/>
      <line num="49" count="0" type="stmt"/>
      <line num="53" count="1" type="stmt"/>
    </file>
    <file name="intern.js" path="C:\Users\madel\bootcamp\activity-pull\UTOR-VIRT-FSF-PT-10-2022-U-LOLC\10-OOP\02-Challenge\lib\intern.js">
      <metrics statements="11" coveredstatements="7" conditionals="0" coveredconditionals="0" methods="4" coveredmethods="3"/>
      <line num="1" count="1" type="stmt"/>
      <line num="2" count="1" type="stmt"/>
      <line num="6" count="1" type="stmt"/>
      <line num="7" count="1" type="stmt"/>
      <line num="11" count="1" type="stmt"/>
      <line num="15" count="1" type="stmt"/>
      <line num="19" count="0" type="stmt"/>
      <line num="42" count="0" type="stmt"/>
      <line num="48" count="0" type="stmt"/>
      <line num="49" count="0" type="stmt"/>
      <line num="53" count="1" type="stmt"/>
    </file>
    <file name="manager.js" path="C:\Users\madel\bootcamp\activity-pull\UTOR-VIRT-FSF-PT-10-2022-U-LOLC\10-OOP\02-Challenge\lib\manager.js">
      <metrics statements="11" coveredstatements="7" conditionals="0" coveredconditionals="0" methods="4" coveredmethods="3"/>
      <line num="1" count="1" type="stmt"/>
      <line num="2" count="1" type="stmt"/>
      <line num="6" count="1" type="stmt"/>
      <line num="7" count="1" type="stmt"/>
      <line num="11" count="1" type="stmt"/>
      <line num="15" count="1" type="stmt"/>
      <line num="19" count="0" type="stmt"/>
      <line num="42" count="0" type="stmt"/>
      <line num="48" count="0" type="stmt"/>
      <line num="49" count="0" type="stmt"/>
      <line num="53" count="1" type="stmt"/>
    </file>
  </project>
</coverage>
