TN:
SF:lib\employee.js
FN:2,(anonymous_0)
FN:8,(anonymous_1)
FN:11,(anonymous_2)
FN:14,(anonymous_3)
FN:17,(anonymous_4)
FNF:5
FNH:5
FNDA:4,(anonymous_0)
FNDA:1,(anonymous_1)
FNDA:1,(anonymous_2)
FNDA:1,(anonymous_3)
FNDA:1,(anonymous_4)
DA:3,4
DA:4,4
DA:5,4
DA:6,4
DA:9,1
DA:12,1
DA:15,1
DA:18,1
DA:22,4
LF:9
LH:9
BRF:0
BRH:0
end_of_record
TN:
SF:lib\engineer.js
FN:5,(anonymous_0)
FN:10,(anonymous_1)
FN:14,(anonymous_2)
FN:18,(anonymous_3)
FNF:4
FNH:3
FNDA:1,(anonymous_0)
FNDA:1,(anonymous_1)
FNDA:1,(anonymous_2)
FNDA:0,(anonymous_3)
DA:1,1
DA:2,1
DA:6,1
DA:7,1
DA:11,1
DA:15,1
DA:19,0
DA:42,0
DA:48,0
DA:49,0
DA:53,1
LF:11
LH:7
BRF:0
BRH:0
end_of_record
TN:
SF:lib\intern.js
FN:5,(anonymous_0)
FN:10,(anonymous_1)
FN:14,(anonymous_2)
FN:18,(anonymous_3)
FNF:4
FNH:3
FNDA:1,(anonymous_0)
FNDA:1,(anonymous_1)
FNDA:1,(anonymous_2)
FNDA:0,(anonymous_3)
DA:1,1
DA:2,1
DA:6,1
DA:7,1
DA:11,1
DA:15,1
DA:19,0
DA:42,0
DA:48,0
DA:49,0
DA:53,1
LF:11
LH:7
BRF:0
BRH:0
end_of_record
TN:
SF:lib\manager.js
FN:5,(anonymous_0)
FN:10,(anonymous_1)
FN:14,(anonymous_2)
FN:18,(anonymous_3)
FNF:4
FNH:3
FNDA:1,(anonymous_0)
FNDA:1,(anonymous_1)
FNDA:1,(anonymous_2)
FNDA:0,(anonymous_3)
DA:1,1
DA:2,1
DA:6,1
DA:7,1
DA:11,1
DA:15,1
DA:19,0
DA:42,0
DA:48,0
DA:49,0
DA:53,1
LF:11
LH:7
BRF:0
BRH:0
end_of_record
